"C:/Users/Billy/Documents/UE4 experiments/Snowball/Snowball.uproject" 1
"../../../Engine/Plugins/2D/Paper2D/Paper2D.uplugin" 2
"../../../Engine/Plugins/Developer/BlankPlugin/BlankPlugin.uplugin" 3
"../../../Engine/Plugins/Developer/PerforceSourceControl/PerforceSourceControl.uplugin" 4
"../../../Engine/Plugins/Developer/SubversionSourceControl/SubversionSourceControl.uplugin" 5
"../../../Engine/Plugins/Developer/UObjectPlugin/UObjectPlugin.uplugin" 6
"../../../Engine/Plugins/Developer/VisualStudioSourceCodeAccess/VisualStudioSourceCodeAccess.uplugin" 7
"../../../Engine/Plugins/Developer/XCodeSourceCodeAccess/XCodeSourceCodeAccess.uplugin" 8
"../../../Engine/Plugins/Editor/EpicSurvey/EpicSurvey.uplugin" 9
"../../../Engine/Plugins/Editor/MacGraphicsSwitching/MacGraphicsSwitching.uplugin" 10
"../../../Engine/Plugins/Editor/PluginsEditor/PluginsEditor.uplugin" 11
"../../../Engine/Plugins/Editor/SpeedTreeImporter/SpeedTreeImporter.uplugin" 12
"../../../Engine/Plugins/Experimental/BlueprintStats/BlueprintStats.uplugin" 13
"../../../Engine/Plugins/Experimental/CharacterAI/CharacterAI.uplugin" 14
"../../../Engine/Plugins/Experimental/CodeView/CodeView.uplugin" 15
"../../../Engine/Plugins/Experimental/LiveEditor/LiveEditor.uplugin" 16
"../../../Engine/Plugins/Experimental/Phya/Phya.uplugin" 17
"../../../Engine/Plugins/Experimental/SteamVR/SteamVR.uplugin" 18
"../../../Engine/Plugins/Media/AvfMedia/AvfMedia.uplugin" 19
"../../../Engine/Plugins/Media/MediaPlayerEditor/MediaPlayerEditor.uplugin" 20
"../../../Engine/Plugins/Media/WmfMedia/WmfMedia.uplugin" 21
"../../../Engine/Plugins/Messaging/MessagingDebugger/MessagingDebugger.uplugin" 22
"../../../Engine/Plugins/Messaging/ShmMessaging/ShmMessaging.uplugin" 23
"../../../Engine/Plugins/Messaging/UdpMessaging/UdpMessaging.uplugin" 24
"../../../Engine/Plugins/Runtime/Advertising/IOSTapJoy/IOSTapJoy.uplugin" 25
"../../../Engine/Plugins/Runtime/Analytics/AnalyticsBlueprintLibrary/AnalyticsBlueprintLibrary.uplugin" 26
"../../../Engine/Plugins/Runtime/Analytics/Apsalar/IOSApsalar/IOSApsalar.uplugin" 27
"../../../Engine/Plugins/Runtime/Analytics/FileLogging/FileLogging.uplugin" 28
"../../../Engine/Plugins/Runtime/AndroidDeviceProfileSelector/AndroidDeviceProfileSelector.uplugin" 29
"../../../Engine/Plugins/Runtime/AppleMoviePlayer/AppleMoviePlayer.uplugin" 30
"../../../Engine/Plugins/Runtime/CableComponent/CableComponent.uplugin" 31
"../../../Engine/Plugins/Runtime/CustomMeshComponent/CustomMeshComponent.uplugin" 32
"../../../Engine/Plugins/Runtime/ExampleDeviceProfileSelector/ExampleDeviceProfileSelector.uplugin" 33
"../../../Engine/Plugins/Runtime/IOSDeviceProfileSelector/IOSDeviceProfileSelector.uplugin" 34
"../../../Engine/Plugins/Runtime/LiveEditorListenServer/LiveEditorListenServer.uplugin" 35
"../../../Engine/Plugins/Runtime/OculusRift/OculusRift.uplugin" 36
"../../../Engine/Plugins/Runtime/SoundMod/SoundMod.uplugin" 37
"../../../Engine/Plugins/Runtime/SoundVisualizations/SoundVisualizations.uplugin" 38
"../../../Engine/Plugins/Runtime/TwitchLiveStreaming/TwitchLiveStreaming.uplugin" 39
"../../../Engine/Plugins/Runtime/WindowsDeviceProfileSelector/WindowsDeviceProfileSelector.uplugin" 40
"../../../Engine/Plugins/Runtime/WindowsMoviePlayer/WindowsMoviePlayer.uplugin" 41
"../../../Engine/Plugins/ScriptGeneratorPlugin/ScriptGeneratorPlugin.uplugin" 42
"../../../Engine/Plugins/ScriptPlugin/ScriptPlugin.uplugin" 43
"../../../Engine/Plugins/Slate/SlateRemote/SlateRemote.uplugin" 44
"..\..\..\Engine\Content\Internationalization\icudt53l\cnvalias.icu" 45
"..\..\..\Engine\Content\Internationalization\icudt53l\en_US_POSIX.res" 46
"..\..\..\Engine\Content\Internationalization\icudt53l\pool.res" 47
"..\..\..\Engine\Content\Internationalization\icudt53l\en_US.res" 48
"..\..\..\Engine\Content\Internationalization\icudt53l\en.res" 49
"..\..\..\Engine\Content\Internationalization\icudt53l\root.res" 50
"..\..\..\Engine\Content\Internationalization\icudt53l\coll\ucadata.icu" 51
"..\..\..\Engine\Content\Internationalization\icudt53l\nfc.nrm" 52
"..\..\..\Engine\Content\Internationalization\icudt53l\coll\en_US_POSIX.res" 53
"..\..\..\Engine\Content\Internationalization\icudt53l\coll\en_US.res" 54
"..\..\..\Engine\Content\Internationalization\icudt53l\coll\en.res" 55
"..\..\..\Engine\Content\Internationalization\icudt53l\coll\root.res" 56
"..\..\..\Engine\Content\Internationalization\icudt53l\numberingSystems.res" 57
"..\..\..\Engine\Content\Internationalization\icudt53l\curr\supplementalData.res" 58
"..\..\..\Engine\Content\Internationalization\icudt53l\curr\pool.res" 59
"..\..\..\Engine\Content\Internationalization\icudt53l\curr\en.res" 60
"..\..\..\Engine\Content\Internationalization\icudt53l\curr\root.res" 61
"..\..\..\Engine\Content\Internationalization\icudt53l\plurals.res" 62
"..\..\..\Engine\Content\Internationalization\icudt53l\windowsZones.res" 63
"..\..\..\Engine\Content\Internationalization\icudt53l\zoneinfo64.res" 64
"..\..\..\Engine\Content\Internationalization\icudt53l\keyTypeData.res" 65
"..\..\..\Engine\Content\Internationalization\icudt53l\timezoneTypes.res" 66
"..\..\..\Engine\Content\Internationalization\icudt53l\supplementalData.res" 67
"..\..\..\Engine\Content\Internationalization\icudt53l\likelySubtags.res" 68
"../../../Engine/Config/Base.ini" 69
"../../../Engine/Config/BaseEngine.ini" 70
"../../../../../../Users/Billy/Documents/UE4 experiments/Snowball/Config/DefaultEngine.ini" 71
"../../../Engine/Config/Windows/WindowsEngine.ini" 72
"C:/Users/Billy/Documents/UE4 experiments/Snowball/Saved/Config/Windows/Engine.ini" 73
"../../../../../../Users/Billy/Documents/UE4 experiments/Snowball/Saved/Config/CleanSourceConfigs/Engine.ini" 74
"../../../Engine/Config/BaseGame.ini" 75
"../../../../../../Users/Billy/Documents/UE4 experiments/Snowball/Config/DefaultGame.ini" 76
"C:/Users/Billy/Documents/UE4 experiments/Snowball/Saved/Config/Windows/Game.ini" 77
"../../../../../../Users/Billy/Documents/UE4 experiments/Snowball/Saved/Config/CleanSourceConfigs/Game.ini" 78
"../../../Engine/Config/BaseInput.ini" 79
"../../../../../../Users/Billy/Documents/UE4 experiments/Snowball/Config/DefaultInput.ini" 80
"C:/Users/Billy/Documents/UE4 experiments/Snowball/Saved/Config/Windows/Input.ini" 81
"../../../../../../Users/Billy/Documents/UE4 experiments/Snowball/Saved/Config/CleanSourceConfigs/Input.ini" 82
"../../../Engine/Config/BaseEditor.ini" 83
"../../../../../../Users/Billy/Documents/UE4 experiments/Snowball/Config/DefaultEditor.ini" 84
"C:/Users/Billy/Documents/UE4 experiments/Snowball/Saved/Config/Windows/Editor.ini" 85
"../../../../../../Users/Billy/Documents/UE4 experiments/Snowball/Saved/Config/CleanSourceConfigs/Editor.ini" 86
"../../../Engine/Config/BaseEditorLayout.ini" 87
"C:/Users/Billy/Documents/UE4 experiments/Snowball/Saved/Config/Windows/EditorLayout.ini" 88
"../../../../../../Users/Billy/Documents/UE4 experiments/Snowball/Saved/Config/CleanSourceConfigs/EditorLayout.ini" 89
"../../../Engine/Config/BaseEditorUserSettings.ini" 90
"C:/Users/Billy/Documents/UE4 experiments/Snowball/Saved/Config/Windows/EditorUserSettings.ini" 91
"../../../../../../Users/Billy/Documents/UE4 experiments/Snowball/Saved/Config/CleanSourceConfigs/EditorUserSettings.ini" 92
"../../../Engine/Config/BaseEditorKeyBindings.ini" 93
"C:/Users/Billy/Documents/UE4 experiments/Snowball/Saved/Config/Windows/EditorKeyBindings.ini" 94
"../../../../../../Users/Billy/Documents/UE4 experiments/Snowball/Saved/Config/CleanSourceConfigs/EditorKeyBindings.ini" 95
"../../../Engine/Config/BaseCompat.ini" 96
"C:/Users/Billy/Documents/UE4 experiments/Snowball/Saved/Config/Windows/Compat.ini" 97
"../../../../../../Users/Billy/Documents/UE4 experiments/Snowball/Saved/Config/CleanSourceConfigs/Compat.ini" 98
"../../../Engine/Config/BaseLightmass.ini" 99
"C:/Users/Billy/Documents/UE4 experiments/Snowball/Saved/Config/Windows/Lightmass.ini" 100
"../../../../../../Users/Billy/Documents/UE4 experiments/Snowball/Saved/Config/CleanSourceConfigs/Lightmass.ini" 101
"../../../Engine/Config/BaseScalability.ini" 102
"C:/Users/Billy/Documents/UE4 experiments/Snowball/Saved/Config/Windows/Scalability.ini" 103
"../../../../../../Users/Billy/Documents/UE4 experiments/Snowball/Saved/Config/CleanSourceConfigs/Scalability.ini" 104
"C:/Users/Billy/Documents/UE4 experiments/Snowball/Saved/Config/Windows/GameUserSettings.ini" 105
"../../../../../../Users/Billy/Documents/UE4 experiments/Snowball/Saved/Config/CleanSourceConfigs/GameUserSettings.ini" 106
"../../../Engine/Config/BaseDeviceProfiles.ini" 107
"C:/Users/Billy/Documents/UE4 experiments/Snowball/Saved/Config/Windows/DeviceProfiles.ini" 108
"../../../../../../Users/Billy/Documents/UE4 experiments/Snowball/Saved/Config/CleanSourceConfigs/DeviceProfiles.ini" 109
"../../../Engine/Config/ConsoleVariables.ini" 110
"..\..\..\Engine\Content\Internationalization\icudt53l\es.res" 111
"..\..\..\Engine\Content\Internationalization\icudt53l\coll\es.res" 112
"..\..\..\Engine\Content\Internationalization\icudt53l\curr\es.res" 113
"..\..\..\Engine\Content\Internationalization\icudt53l\es_ES.res" 114
"..\..\..\Engine\Content\Internationalization\icudt53l\ja.res" 115
"..\..\..\Engine\Content\Internationalization\icudt53l\coll\ja.res" 116
"..\..\..\Engine\Content\Internationalization\icudt53l\curr\ja.res" 117
"..\..\..\Engine\Content\Internationalization\icudt53l\ja_JP.res" 118
"..\..\..\Engine\Content\Internationalization\icudt53l\ko.res" 119
"..\..\..\Engine\Content\Internationalization\icudt53l\coll\ko.res" 120
"..\..\..\Engine\Content\Internationalization\icudt53l\curr\ko.res" 121
"..\..\..\Engine\Content\Internationalization\icudt53l\ko_KR.res" 122
"..\..\..\Engine\Content\Internationalization\icudt53l\pt_BR.res" 123
"..\..\..\Engine\Content\Internationalization\icudt53l\pt.res" 124
"..\..\..\Engine\Content\Internationalization\icudt53l\coll\pt.res" 125
"..\..\..\Engine\Content\Internationalization\icudt53l\curr\pt.res" 126
"..\..\..\Engine\Content\Internationalization\icudt53l\zh_CN.res" 127
"..\..\..\Engine\Content\Internationalization\icudt53l\zh_Hans_CN.res" 128
"..\..\..\Engine\Content\Internationalization\icudt53l\zh_Hans.res" 129
"..\..\..\Engine\Content\Internationalization\icudt53l\zh.res" 130
"..\..\..\Engine\Content\Internationalization\icudt53l\coll\zh_CN.res" 131
"..\..\..\Engine\Content\Internationalization\icudt53l\coll\zh_Hans_CN.res" 132
"..\..\..\Engine\Content\Internationalization\icudt53l\coll\zh_Hans.res" 133
"..\..\..\Engine\Content\Internationalization\icudt53l\coll\zh.res" 134
"..\..\..\Engine\Content\Internationalization\icudt53l\curr\zh_CN.res" 135
"..\..\..\Engine\Content\Internationalization\icudt53l\curr\zh_Hans_CN.res" 136
"..\..\..\Engine\Content\Internationalization\icudt53l\curr\zh_Hans.res" 137
"..\..\..\Engine\Content\Internationalization\icudt53l\curr\zh.res" 138
"C:/Program Files/Epic Games/4.6/Engine/Content/Localization/Editor/en/Editor.locres" 139
"C:/Program Files/Epic Games/4.6/Engine/Content/Localization/EditorTutorials/en/EditorTutorials.locres" 140
"C:/Program Files/Epic Games/4.6/Engine/Content/Localization/Engine/en/Engine.locres" 141
"../../../Engine/Content/Slate/Fonts/Roboto-Regular.ttf" 142
"../../../Engine/Content/Slate/Fonts/Roboto-Bold.ttf" 143
"../../../Engine/Content/Slate/Fonts/Roboto-Light.ttf" 144
"../../../Engine/Content/Slate/Fonts/DroidSansMono.ttf" 145
"C:/Program Files/Epic Games/4.6/Engine/Binaries/Win64/../../../Engine/Shaders/ParticleSpriteVertexFactory.usf" 146
"C:/Program Files/Epic Games/4.6/Engine/Binaries/Win64/../../../Engine/Shaders/VertexFactoryCommon.usf" 147
"C:/Program Files/Epic Games/4.6/Engine/Binaries/Win64/../../../Engine/Shaders/Common.usf" 148
"C:/Program Files/Epic Games/4.6/Engine/Binaries/Win64/../../../Engine/Shaders/ShaderVersion.usf" 149
"C:/Program Files/Epic Games/4.6/Engine/Binaries/Win64/../../../Engine/Shaders/Definitions.usf" 150
"C:/Program Files/Epic Games/4.6/Engine/Binaries/Win64/../../../Engine/Shaders/Random.usf" 151
"C:/Program Files/Epic Games/4.6/Engine/Binaries/Win64/../../../Engine/Shaders/ParticleVertexFactoryCommon.usf" 152
"C:/Program Files/Epic Games/4.6/Engine/Binaries/Win64/../../../Engine/Shaders/ParticleGPUSpriteVertexFactory.usf" 153
"C:/Program Files/Epic Games/4.6/Engine/Binaries/Win64/../../../Engine/Shaders/ParticleBeamTrailVertexFactory.usf" 154
"C:/Program Files/Epic Games/4.6/Engine/Binaries/Win64/../../../Engine/Shaders/VectorFieldVisualizationVertexFactory.usf" 155
"C:/Program Files/Epic Games/4.6/Engine/Binaries/Win64/../../../Engine/Shaders/LocalVertexFactory.usf" 156
"C:/Program Files/Epic Games/4.6/Engine/Binaries/Win64/../../../Engine/Shaders/LocalVertexFactoryCommon.usf" 157
"C:/Program Files/Epic Games/4.6/Engine/Binaries/Win64/../../../Engine/Shaders/MeshParticleVertexFactory.usf" 158
"C:/Program Files/Epic Games/4.6/Engine/Binaries/Win64/../../../Engine/Shaders/GpuSkinVertexFactory.usf" 159
"C:/Program Files/Epic Games/4.6/Engine/Binaries/Win64/../../../Engine/Shaders/GpuSkinCacheCommon.usf" 160
"C:/Program Files/Epic Games/4.6/Engine/Binaries/Win64/../../../Engine/Shaders/LandscapeVertexFactory.usf" 161
"C:/Program Files/Epic Games/4.6/Engine/Binaries/Win64/../../../Engine/Shaders/SlateElementPixelShader.usf" 162
"C:/Program Files/Epic Games/4.6/Engine/Binaries/Win64/../../../Engine/Shaders/MaterialTemplate.usf" 163
"C:/Program Files/Epic Games/4.6/Engine/Binaries/Win64/../../../Engine/Shaders/DepthOfFieldCommon.usf" 164
"C:/Program Files/Epic Games/4.6/Engine/Binaries/Win64/../../../Engine/Shaders/SpeedTreeCommon.usf" 165
"C:/Program Files/Epic Games/4.6/Engine/Binaries/Win64/../../../Engine/Shaders/AtmosphereCommon.usf" 166
"C:/Program Files/Epic Games/4.6/Engine/Binaries/Win64/../../../Engine/Shaders/PostProcessCommon.usf" 167
"C:/Program Files/Epic Games/4.6/Engine/Binaries/Win64/../../../Engine/Shaders/DeferredShadingCommon.usf" 168
"C:/Program Files/Epic Games/4.6/Engine/Binaries/Win64/../../../Engine/Shaders/LightAccumulator.usf" 169
"C:/Program Files/Epic Games/4.6/Engine/Binaries/Win64/../../../Engine/Shaders/SlateVertexShader.usf" 170
"C:/Program Files/Epic Games/4.6/Engine/Binaries/Win64/../../../Engine/Shaders/OneColorShader.usf" 171
"C:/Program Files/Epic Games/4.6/Engine/Binaries/Win64/../../../Engine/Shaders/ResolveVertexShader.usf" 172
"C:/Program Files/Epic Games/4.6/Engine/Binaries/Win64/../../../Engine/Shaders/ResolvePixelShader.usf" 173
"C:/Program Files/Epic Games/4.6/Engine/Binaries/Win64/../../../Engine/Shaders/VisualizeTexture.usf" 174
"C:/Program Files/Epic Games/4.6/Engine/Binaries/Win64/../../../Engine/Shaders/ScreenSpaceReflections.usf" 175
"C:/Program Files/Epic Games/4.6/Engine/Binaries/Win64/../../../Engine/Shaders/BRDF.usf" 176
"C:/Program Files/Epic Games/4.6/Engine/Binaries/Win64/../../../Engine/Shaders/MonteCarlo.usf" 177
"C:/Program Files/Epic Games/4.6/Engine/Binaries/Win64/../../../Engine/Shaders/FilterVertexShader.usf" 178
"C:/Program Files/Epic Games/4.6/Engine/Binaries/Win64/../../../Engine/Shaders/FilterPixelShader.usf" 179
"C:/Program Files/Epic Games/4.6/Engine/Binaries/Win64/../../../Engine/Shaders/PostProcessVisualizeHDR.usf" 180
"C:/Program Files/Epic Games/4.6/Engine/Binaries/Win64/../../../Engine/Shaders/PostProcessHistogramCommon.usf" 181
"C:/Program Files/Epic Games/4.6/Engine/Binaries/Win64/../../../Engine/Shaders/TonemapCommon.usf" 182
"C:/Program Files/Epic Games/4.6/Engine/Binaries/Win64/../../../Engine/Shaders/MiniFontCommon.usf" 183
"C:/Program Files/Epic Games/4.6/Engine/Binaries/Win64/../../../Engine/Shaders/PostProcessVisualizeBuffer.usf" 184
"C:/Program Files/Epic Games/4.6/Engine/Binaries/Win64/../../../Engine/Shaders/PostProcessUpscale.usf" 185
"C:/Program Files/Epic Games/4.6/Engine/Binaries/Win64/../../../Engine/Shaders/PostProcessTonemap.usf" 186
"C:/Program Files/Epic Games/4.6/Engine/Binaries/Win64/../../../Engine/Shaders/PostProcessTestImage.usf" 187
"C:/Program Files/Epic Games/4.6/Engine/Binaries/Win64/../../../Engine/Shaders/PostProcessTemporalAA.usf" 188
"C:/Program Files/Epic Games/4.6/Engine/Binaries/Win64/../../../Engine/Shaders/PostProcessTemporalCommon.usf" 189
"C:/Program Files/Epic Games/4.6/Engine/Binaries/Win64/../../../Engine/Shaders/PostProcessSubsurface.usf" 190
"C:/Program Files/Epic Games/4.6/Engine/Binaries/Win64/../../../Engine/Shaders/SeparableSSS.usf" 191
"C:/Program Files/Epic Games/4.6/Engine/Binaries/Win64/../../../Engine/Shaders/PostProcessSelectionOutline.usf" 192
"C:/Program Files/Epic Games/4.6/Engine/Binaries/Win64/../../../Engine/Shaders/PostProcessSceneColorFringe.usf" 193
"C:/Program Files/Epic Games/4.6/Engine/Binaries/Win64/../../../Engine/Shaders/PostProcessNoiseBlur.usf" 194
"C:/Program Files/Epic Games/4.6/Engine/Binaries/Win64/../../../Engine/Shaders/PostProcessMotionBlur.usf" 195
"C:/Program Files/Epic Games/4.6/Engine/Binaries/Win64/../../../Engine/Shaders/MorpheusInclude.usf" 196
"C:/Program Files/Epic Games/4.6/Engine/Binaries/Win64/../../../Engine/Shaders/PostProcessMobile.usf" 197
"C:/Program Files/Epic Games/4.6/Engine/Binaries/Win64/../../../Engine/Shaders/PostProcessMaterialShaders.usf" 198
"C:/Program Files/Epic Games/4.6/Engine/Binaries/Win64/../../../Engine/Shaders/PostProcessLensFlares.usf" 199
"C:/Program Files/Epic Games/4.6/Engine/Binaries/Win64/../../../Engine/Shaders/PostProcessLensBlur.usf" 200
"C:/Program Files/Epic Games/4.6/Engine/Binaries/Win64/../../../Engine/Shaders/PostProcessBloom.usf" 201
"C:/Program Files/Epic Games/4.6/Engine/Binaries/Win64/../../../Engine/Shaders/PostProcessHMD.usf" 202
"C:/Program Files/Epic Games/4.6/Engine/Binaries/Win64/../../../Engine/Shaders/PostProcessHistogramReduce.usf" 203
"C:/Program Files/Epic Games/4.6/Engine/Binaries/Win64/../../../Engine/Shaders/PostProcessHistogram.usf" 204
"C:/Program Files/Epic Games/4.6/Engine/Binaries/Win64/../../../Engine/Shaders/PostProcessGBufferHints.usf" 205
"C:/Program Files/Epic Games/4.6/Engine/Binaries/Win64/../../../Engine/Shaders/PostProcessEyeAdaptation.usf" 206
"C:/Program Files/Epic Games/4.6/Engine/Binaries/Win64/../../../Engine/Shaders/PostProcessDownsample.usf" 207
"C:/Program Files/Epic Games/4.6/Engine/Binaries/Win64/../../../Engine/Shaders/PostProcessDOF.usf" 208
"C:/Program Files/Epic Games/4.6/Engine/Binaries/Win64/../../../Engine/Shaders/PostProcessCompositeEditorPrimitives.usf" 209
"C:/Program Files/Epic Games/4.6/Engine/Binaries/Win64/../../../Engine/Shaders/PostProcessCombineLUTs.usf" 210
"C:/Program Files/Epic Games/4.6/Engine/Binaries/Win64/../../../Engine/Shaders/PostProcessBusyWait.usf" 211
"C:/Program Files/Epic Games/4.6/Engine/Binaries/Win64/../../../Engine/Shaders/PostProcessBokehDOF.usf" 212
"C:/Program Files/Epic Games/4.6/Engine/Binaries/Win64/../../../Engine/Shaders/FXAAShader.usf" 213
"C:/Program Files/Epic Games/4.6/Engine/Binaries/Win64/../../../Engine/Shaders/Fxaa3_11.usf" 214
"C:/Program Files/Epic Games/4.6/Engine/Binaries/Win64/../../../Engine/Shaders/PostProcessPassThrough.usf" 215
"C:/Program Files/Epic Games/4.6/Engine/Binaries/Win64/../../../Engine/Shaders/PostProcessLpvIndirect.usf" 216
"C:/Program Files/Epic Games/4.6/Engine/Binaries/Win64/../../../Engine/Shaders/DeferredLightingCommon.usf" 217
"C:/Program Files/Epic Games/4.6/Engine/Binaries/Win64/../../../Engine/Shaders/DynamicLightingCommon.usf" 218
"C:/Program Files/Epic Games/4.6/Engine/Binaries/Win64/../../../Engine/Shaders/IESLightProfilesCommon.usf" 219
"C:/Program Files/Epic Games/4.6/Engine/Binaries/Win64/../../../Engine/Shaders/LPVFinalPass.usf" 220
"C:/Program Files/Epic Games/4.6/Engine/Binaries/Win64/../../../Engine/Shaders/LPVCommon.usf" 221
"C:/Program Files/Epic Games/4.6/Engine/Binaries/Win64/../../../Engine/Shaders/DeferredDecal.usf" 222
"C:/Program Files/Epic Games/4.6/Engine/Binaries/Win64/../../../Engine/Shaders/PostProcessAmbientOcclusion.usf" 223
"C:/Program Files/Epic Games/4.6/Engine/Binaries/Win64/../../../Engine/Shaders/PostProcessAmbient.usf" 224
"C:/Program Files/Epic Games/4.6/Engine/Binaries/Win64/../../../Engine/Shaders/CubemapCommon.usf" 225
"C:/Program Files/Epic Games/4.6/Engine/Binaries/Win64/../../../Engine/Shaders/VelocityShader.usf" 226
"C:/Program Files/Epic Games/4.6/Engine/Binaries/Win64/../../../Engine/Shaders/Tessellation.usf" 227
"C:/Program Files/Epic Games/4.6/Engine/Binaries/Win64/../../../Engine/Shaders/FlatTessellation.usf" 228
"C:/Program Files/Epic Games/4.6/Engine/Binaries/Win64/../../../Engine/Shaders/PNTriangles.usf" 229
"C:/Program Files/Epic Games/4.6/Engine/Binaries/Win64/../../../Engine/Shaders/TranslucentLightingShaders.usf" 230
"C:/Program Files/Epic Games/4.6/Engine/Binaries/Win64/../../../Engine/Shaders/SHCommon.usf" 231
"C:/Program Files/Epic Games/4.6/Engine/Binaries/Win64/../../../Engine/Shaders/ShadowProjectionCommon.usf" 232
"C:/Program Files/Epic Games/4.6/Engine/Binaries/Win64/../../../Engine/Shaders/TranslucentLightInjectionShaders.usf" 233
"C:/Program Files/Epic Games/4.6/Engine/Binaries/Win64/../../../Engine/Shaders/LightFunctionCommon.usf" 234
"C:/Program Files/Epic Games/4.6/Engine/Binaries/Win64/../../../Engine/Shaders/TranslucentShadowDepthShaders.usf" 235
"C:/Program Files/Epic Games/4.6/Engine/Binaries/Win64/../../../Engine/Shaders/ShadowDepthCommon.usf" 236
"C:/Program Files/Epic Games/4.6/Engine/Binaries/Win64/../../../Engine/Shaders/TiledDeferredLightShaders.usf" 237
"C:/Program Files/Epic Games/4.6/Engine/Binaries/Win64/../../../Engine/Shaders/ShadowProjectionPixelShader.usf" 238
"C:/Program Files/Epic Games/4.6/Engine/Binaries/Win64/../../../Engine/Shaders/ShadowFilteringCommon.usf" 239
"C:/Program Files/Epic Games/4.6/Engine/Binaries/Win64/../../../Engine/Shaders/ShadowProjectionVertexShader.usf" 240
"C:/Program Files/Epic Games/4.6/Engine/Binaries/Win64/../../../Engine/Shaders/ShadowDepthPixelShader.usf" 241
"C:/Program Files/Epic Games/4.6/Engine/Binaries/Win64/../../../Engine/Shaders/LPVWriteVplCommon.usf" 242
"C:/Program Files/Epic Games/4.6/Engine/Binaries/Win64/../../../Engine/Shaders/LPVWriteCommon.usf" 243
"C:/Program Files/Epic Games/4.6/Engine/Binaries/Win64/../../../Engine/Shaders/ShadowDepthVertexShader.usf" 244
"C:/Program Files/Epic Games/4.6/Engine/Binaries/Win64/../../../Engine/Shaders/ShaderComplexityApplyPixelShader.usf" 245
"C:/Program Files/Epic Games/4.6/Engine/Binaries/Win64/../../../Engine/Shaders/ShaderComplexityApplyVertexShader.usf" 246
"C:/Program Files/Epic Games/4.6/Engine/Binaries/Win64/../../../Engine/Shaders/ShaderComplexityAccumulatePixelShader.usf" 247
"C:/Program Files/Epic Games/4.6/Engine/Binaries/Win64/../../../Engine/Shaders/HZBOcclusion.usf" 248
"C:/Program Files/Epic Games/4.6/Engine/Binaries/Win64/../../../Engine/Shaders/OcclusionQueryVertexShader.usf" 249
"C:/Program Files/Epic Games/4.6/Engine/Binaries/Win64/../../../Engine/Shaders/HitProxyPixelShader.usf" 250
"C:/Program Files/Epic Games/4.6/Engine/Binaries/Win64/../../../Engine/Shaders/HitProxyVertexShader.usf" 251
"C:/Program Files/Epic Games/4.6/Engine/Binaries/Win64/../../../Engine/Shaders/ReflectionEnvironmentShaders.usf" 252
"C:/Program Files/Epic Games/4.6/Engine/Binaries/Win64/../../../Engine/Shaders/ReflectionEnvironmentShared.usf" 253
"C:/Program Files/Epic Games/4.6/Engine/Binaries/Win64/../../../Engine/Shaders/SkyLightingShared.usf" 254
"C:/Program Files/Epic Games/4.6/Engine/Binaries/Win64/../../../Engine/Shaders/ReflectionEnvironmentComputeShaders.usf" 255
"C:/Program Files/Epic Games/4.6/Engine/Binaries/Win64/../../../Engine/Shaders/LightShaftShader.usf" 256
"C:/Program Files/Epic Games/4.6/Engine/Binaries/Win64/../../../Engine/Shaders/StationaryLightOverlapShaders.usf" 257
"C:/Program Files/Epic Games/4.6/Engine/Binaries/Win64/../../../Engine/Shaders/DeferredLightPixelShaders.usf" 258
"C:/Program Files/Epic Games/4.6/Engine/Binaries/Win64/../../../Engine/Shaders/DeferredLightVertexShaders.usf" 259
"C:/Program Files/Epic Games/4.6/Engine/Binaries/Win64/../../../Engine/Shaders/LPVVisualise.usf" 260
"C:/Program Files/Epic Games/4.6/Engine/Binaries/Win64/../../../Engine/Shaders/LPVGeometryVolumeCommon.usf" 261
"C:/Program Files/Epic Games/4.6/Engine/Binaries/Win64/../../../Engine/Shaders/LPVDirectLightInject.usf" 262
"C:/Program Files/Epic Games/4.6/Engine/Binaries/Win64/../../../Engine/Shaders/LPVPropagate.usf" 263
"C:/Program Files/Epic Games/4.6/Engine/Binaries/Win64/../../../Engine/Shaders/LPVBuildGeometryVolume.usf" 264
"C:/Program Files/Epic Games/4.6/Engine/Binaries/Win64/../../../Engine/Shaders/LPVInject_AccumulateVplLists.usf" 265
"C:/Program Files/Epic Games/4.6/Engine/Binaries/Win64/../../../Engine/Shaders/LPVInject_GenerateVplLists.usf" 266
"C:/Program Files/Epic Games/4.6/Engine/Binaries/Win64/../../../Engine/Shaders/LPVClearLists.usf" 267
"C:/Program Files/Epic Games/4.6/Engine/Binaries/Win64/../../../Engine/Shaders/LPVClear.usf" 268
"C:/Program Files/Epic Games/4.6/Engine/Binaries/Win64/../../../Engine/Shaders/LightMapDensityShader.usf" 269
"C:/Program Files/Epic Games/4.6/Engine/Binaries/Win64/../../../Engine/Shaders/LightFunctionPixelShader.usf" 270
"C:/Program Files/Epic Games/4.6/Engine/Binaries/Win64/../../../Engine/Shaders/LightFunctionVertexShader.usf" 271
"C:/Program Files/Epic Games/4.6/Engine/Binaries/Win64/../../../Engine/Shaders/HdrCustomResolveShaders.usf" 272
"C:/Program Files/Epic Games/4.6/Engine/Binaries/Win64/../../../Engine/Shaders/GPUBenchmark.usf" 273
"C:/Program Files/Epic Games/4.6/Engine/Binaries/Win64/../../../Engine/Shaders/GammaCorrection.usf" 274
"C:/Program Files/Epic Games/4.6/Engine/Binaries/Win64/../../../Engine/Shaders/BasePassForForwardShadingPixelShader.usf" 275
"C:/Program Files/Epic Games/4.6/Engine/Binaries/Win64/../../../Engine/Shaders/BasePassForForwardShadingCommon.usf" 276
"C:/Program Files/Epic Games/4.6/Engine/Binaries/Win64/../../../Engine/Shaders/LightmapCommon.usf" 277
"C:/Program Files/Epic Games/4.6/Engine/Binaries/Win64/../../../Engine/Shaders/BasePassForForwardShadingVertexShader.usf" 278
"C:/Program Files/Epic Games/4.6/Engine/Binaries/Win64/../../../Engine/Shaders/HeightFogCommon.usf" 279
"C:/Program Files/Epic Games/4.6/Engine/Binaries/Win64/../../../Engine/Shaders/HeightFogPixelShader.usf" 280
"C:/Program Files/Epic Games/4.6/Engine/Binaries/Win64/../../../Engine/Shaders/HeightFogVertexShader.usf" 281
"C:/Program Files/Epic Games/4.6/Engine/Binaries/Win64/../../../Engine/Shaders/DistortAccumulatePS.usf" 282
"C:/Program Files/Epic Games/4.6/Engine/Binaries/Win64/../../../Engine/Shaders/DistortAccumulateVS.usf" 283
"C:/Program Files/Epic Games/4.6/Engine/Binaries/Win64/../../../Engine/Shaders/DistortApplyScreenPS.usf" 284
"C:/Program Files/Epic Games/4.6/Engine/Binaries/Win64/../../../Engine/Shaders/SkyLighting.usf" 285
"C:/Program Files/Epic Games/4.6/Engine/Binaries/Win64/../../../Engine/Shaders/DistanceFieldSurfaceCacheLighting.usf" 286
"C:/Program Files/Epic Games/4.6/Engine/Binaries/Win64/../../../Engine/Shaders/DistanceFieldLightingShared.usf" 287
"C:/Program Files/Epic Games/4.6/Engine/Binaries/Win64/../../../Engine/Shaders/DistanceFieldAOShared.usf" 288
"C:/Program Files/Epic Games/4.6/Engine/Binaries/Win64/../../../Engine/Shaders/DistanceFieldSurfaceCacheLightingCompute.usf" 289
"C:/Program Files/Epic Games/4.6/Engine/Binaries/Win64/../../../Engine/Shaders/DistanceFieldShadowing.usf" 290
"C:/Program Files/Epic Games/4.6/Engine/Binaries/Win64/../../../Engine/Shaders/DepthOnlyPixelShader.usf" 291
"C:/Program Files/Epic Games/4.6/Engine/Binaries/Win64/../../../Engine/Shaders/DepthOnlyVertexShader.usf" 292
"C:/Program Files/Epic Games/4.6/Engine/Binaries/Win64/../../../Engine/Shaders/PositionOnlyDepthVertexShader.usf" 293
"C:/Program Files/Epic Games/4.6/Engine/Binaries/Win64/../../../Engine/Shaders/DownsampleDepthPixelShader.usf" 294
"C:/Program Files/Epic Games/4.6/Engine/Binaries/Win64/../../../Engine/Shaders/BasePassPixelShader.usf" 295
"C:/Program Files/Epic Games/4.6/Engine/Binaries/Win64/../../../Engine/Shaders/BasePassCommon.usf" 296
"C:/Program Files/Epic Games/4.6/Engine/Binaries/Win64/../../../Engine/Shaders/BasePassVertexShader.usf" 297
"C:/Program Files/Epic Games/4.6/Engine/Binaries/Win64/../../../Engine/Shaders/BasePassVertexCommon.usf" 298
"C:/Program Files/Epic Games/4.6/Engine/Binaries/Win64/../../../Engine/Shaders/BasePassTessellationShaders.usf" 299
"C:/Program Files/Epic Games/4.6/Engine/Binaries/Win64/../../../Engine/Shaders/AtmospherePrecompute.usf" 300
"C:/Program Files/Epic Games/4.6/Engine/Binaries/Win64/../../../Engine/Shaders/AtmospherePrecomputeCommon.usf" 301
"C:/Program Files/Epic Games/4.6/Engine/Binaries/Win64/../../../Engine/Shaders/AtmospherePrecomputeInscatter.usf" 302
"C:/Program Files/Epic Games/4.6/Engine/Binaries/Win64/../../../Engine/Shaders/AtmosphericFogShader.usf" 303
"C:/Program Files/Epic Games/4.6/Engine/Binaries/Win64/../../../Engine/Shaders/ParticleSortKeyGen.usf" 304
"C:/Program Files/Epic Games/4.6/Engine/Binaries/Win64/../../../Engine/Shaders/ParticleBoundsShader.usf" 305
"C:/Program Files/Epic Games/4.6/Engine/Binaries/Win64/../../../Engine/Shaders/ParticleSimVisualizeShader.usf" 306
"C:/Program Files/Epic Games/4.6/Engine/Binaries/Win64/../../../Engine/Shaders/ParticleInjectionShader.usf" 307
"C:/Program Files/Epic Games/4.6/Engine/Binaries/Win64/../../../Engine/Shaders/ParticleSimulationShader.usf" 308
"C:/Program Files/Epic Games/4.6/Engine/Binaries/Win64/../../../Engine/Shaders/ParticleCurveInjectionShader.usf" 309
"C:/Program Files/Epic Games/4.6/Engine/Binaries/Win64/../../../Engine/Shaders/VectorFieldCompositeShaders.usf" 310
"C:/Program Files/Epic Games/4.6/Engine/Binaries/Win64/../../../Engine/Shaders/UpdateTextureShaders.usf" 311
"C:/Program Files/Epic Games/4.6/Engine/Binaries/Win64/../../../Engine/Shaders/SimpleElementColorChannelMaskPixelShader.usf" 312
"C:/Program Files/Epic Games/4.6/Engine/Binaries/Win64/../../../Engine/Shaders/SimpleElementHitProxyPixelShader.usf" 313
"C:/Program Files/Epic Games/4.6/Engine/Binaries/Win64/../../../Engine/Shaders/SimpleElementPixelShader.usf" 314
"C:/Program Files/Epic Games/4.6/Engine/Binaries/Win64/../../../Engine/Shaders/ColorUtils.usf" 315
"C:/Program Files/Epic Games/4.6/Engine/Binaries/Win64/../../../Engine/Shaders/SimpleElementVertexShader.usf" 316
"C:/Program Files/Epic Games/4.6/Engine/Binaries/Win64/../../../Engine/Shaders/ScreenVertexShader.usf" 317
"C:/Program Files/Epic Games/4.6/Engine/Binaries/Win64/../../../Engine/Shaders/ScreenPixelShader.usf" 318
"C:/Program Files/Epic Games/4.6/Engine/Binaries/Win64/../../../Engine/Shaders/RadixSortShaders.usf" 319
"C:/Program Files/Epic Games/4.6/Engine/Binaries/Win64/../../../Engine/Shaders/GpuSkinCacheComputeShader.usf" 320
"C:/Program Files/Epic Games/4.6/Engine/Binaries/Win64/../../../Engine/Shaders/NullPixelShader.usf" 321
"C:/Program Files/Epic Games/4.6/Engine/Binaries/Win64/../../../Engine/Shaders/ClearReplacementShaders.usf" 322
"C:/Program Files/Epic Games/4.6/Engine/Binaries/Win64/../../../Engine/Shaders/SimpleElementTexture2DPreviewPixelShader.usf" 323
"C:/Program Files/Epic Games/4.6/Engine/Binaries/Win64/../../../Engine/Shaders/SimpleElementNormalMapPixelShader.usf" 324
"C:/Program Files/Epic Games/4.6/Engine/Binaries/Win64/../../../Engine/Shaders/meshpaintdilatepixelshader.usf" 325
"C:/Program Files/Epic Games/4.6/Engine/Binaries/Win64/../../../Engine/Shaders/meshpaintdilatevertexshader.usf" 326
"C:/Program Files/Epic Games/4.6/Engine/Binaries/Win64/../../../Engine/Shaders/MeshPaintPixelShader.usf" 327
"C:/Program Files/Epic Games/4.6/Engine/Binaries/Win64/../../../Engine/Shaders/MeshPaintVertexShader.usf" 328
"../../../Engine/Config/Android/AndroidEngine.ini" 329
"../../../Engine/Config/IOS/IOSEngine.ini" 330
"../../../Engine/Config/Linux/LinuxEngine.ini" 331
"C:/Users/Billy/AppData/Local/UnrealEngine/4.6/DerivedDataCache/Boot.ddc" 332
"../../../Engine/DerivedDataCache/DDC.ddp" 333
"../../../Engine/Content/EditorResources/S_Actor.uasset" 334
"../../../Engine/Content/EditorLandscapeResources/DataLayer.uasset" 335
"../../../Engine/Content/Maps/Templates/Thumbnails/Default.uasset" 336
"../../../Engine/Content/EditorMaterials/ParticleSystems/PSysThumbnail_NoImage.uasset" 337
"../../../Engine/Content/EditorMaterials/ParticleSystems/PSysThumbnail_OOD.uasset" 338
"../../../Engine/Content/EngineDamageTypes/DmgTypeBP_Environmental.uasset" 339
"../../../Engine/Content/EngineMeshes/Sphere.uasset" 340
"../../../Engine/Content/EngineFonts/RobotoDistanceField.uasset" 341
"../../../Engine/Content/EngineMaterials/DefaultTextMaterialOpaque.uasset" 342
"../../../Engine/Content/Functions/Engine_MaterialFunctions01/Shading/PowerToRoughness.uasset" 343
"../../../Engine/Content/Functions/Engine_MaterialFunctions01/Shading/ConvertFromDiffSpec.uasset" 344
"../../../Engine/Content/EngineMaterials/WorldGridMaterial.uasset" 345
"../../../Engine/Content/Functions/Engine_MaterialFunctions01/Opacity/CameraDepthFade.uasset" 346
"../../../Engine/Content/EngineMaterials/T_Default_Material_Grid_M.uasset" 347
"../../../Engine/Content/EngineMaterials/T_Default_Material_Grid_N.uasset" 348
"../../../Engine/Content/EngineMaterials/DefaultDeferredDecalMaterial.uasset" 349
"../../../Engine/Content/EngineMaterials/DefaultDiffuse.uasset" 350
"../../../Engine/Content/EngineMaterials/DefaultLightFunctionMaterial.uasset" 351
"../../../Engine/Content/EngineMaterials/DefaultPostProcessMaterial.uasset" 352
"../../../Engine/Content/Functions/Engine_MaterialFunctions02/Utility/BreakOutFloat2Components.uasset" 353
"../../../Engine/Content/EditorResources/S_Trigger.uasset" 354
"../../../Engine/Content/EngineResources/WhiteSquareTexture.uasset" 355
"../../../Engine/Content/EngineResources/GradientTexture0.uasset" 356
"../../../Engine/Content/EngineResources/Black.uasset" 357
"../../../Engine/Content/EditorMaterials/MatineeGroups/MAT_Groups_Float.uasset" 358
"../../../Engine/Content/EditorMaterials/MatineeGroups/MAT_Groups_Director.uasset" 359
"../../../Engine/Content/EditorMaterials/MatineeGroups/MAT_Groups_Event.uasset" 360
"../../../Engine/Content/EditorMaterials/MatineeGroups/MAT_Groups_Anim.uasset" 361
"../../../Engine/Content/EditorMaterials/MatineeGroups/MAT_Groups_Fade.uasset" 362
"../../../Engine/Content/EditorMaterials/MatineeGroups/MAT_Groups_Move.uasset" 363
"../../../Engine/Content/EditorMaterials/MatineeGroups/MAT_Groups_Slomo.uasset" 364
"../../../Engine/Content/EditorMaterials/MatineeGroups/MAT_ColorTrack.uasset" 365
"../../../Engine/Content/EditorMaterials/MAT_Groups_Toggle.uasset" 366
"../../../Engine/Content/EditorMaterials/MatineeGroups/MAT_Groups_AudioMaster.uasset" 367
"../../../Engine/Content/EditorMaterials/MatineeGroups/MAT_Groups_Sound.uasset" 368
"../../../Engine/Content/EditorMaterials/MatineeGroups/MAT_Groups_Vector.uasset" 369
"../../../Engine/Content/EditorMaterials/MAT_Groups_Visibility.uasset" 370
"../../../Engine/Content/EngineResources/DefaultTexture.uasset" 371
"../../../Engine/Content/EngineResources/DefaultTextureCube.uasset" 372
"../../../Engine/Content/EngineSounds/Master.uasset" 373
"../../../Engine/Content/EngineSounds/Music.uasset" 374
"../../../Engine/Content/EngineSounds/SFX.uasset" 375
"../../../Engine/Content/EngineSounds/Normal_Attack.uasset" 376
"../../../Engine/Content/EngineSounds/Special_Attack_PSM.uasset" 377
"../../../Engine/Content/EngineSounds/Duck_Normal_Attack_MixMod.uasset" 378
"../../../Engine/Content/EngineSounds/Voice.uasset" 379
"../../../Engine/Content/EngineMeshes/Cylinder.uasset" 380
"../../../Engine/Content/EngineMaterials/DefaultMaterial.uasset" 381
"../../../Engine/Content/EngineTireTypes/DefaultTireType.uasset" 382
"../../../Engine/Content/Editor/Slate/Fonts/DroidSansMono.ttf" 383
"../../../Engine/Content/Editor/Slate/Fonts/Roboto-BoldCondensed.ttf" 384
"../../../Engine/Content/Editor/Slate/Fonts/Roboto-Black.ttf" 385
"../../../Engine/Content/Editor/Slate/Fonts/Roboto-BoldCondensedItalic.ttf" 386
"../../../Engine/Content/Editor/Slate/Fonts/Roboto-Italic.ttf" 387
"../../../Engine/Content/EngineFonts/Roboto.uasset" 388
"../../../Engine/Content/EngineMaterials/Widget3DPassThrough_Translucent.uasset" 389
"../../../Engine/Content/EngineMaterials/Widget3DPassThrough.uasset" 390
"../../../Engine/Content/EngineMaterials/Widget3DPassThrough_Translucent_OneSided.uasset" 391
"../../../Engine/Content/EngineMaterials/Widget3DPassThrough_Opaque.uasset" 392
"../../../Engine/Content/EngineMaterials/Widget3DPassThrough_Opaque_OneSided.uasset" 393
"../../../Engine/Plugins/2D/Paper2D/Content/MaskedUnlitSpriteMaterial.uasset" 394
"../../../Engine/Plugins/2D/Paper2D/Content/DefaultSpriteMaterial.uasset" 395
"../../../Engine/Plugins/2D/Paper2D/Content/DummySpriteTexture.uasset" 396
"../../../Engine/Plugins/2D/Paper2D/Content/OpaqueUnlitSpriteMaterial.uasset" 397
"../../../Engine/Plugins/2D/Paper2D/Content/DefaultPaperTerrainMaterial.uasset" 398
"../../../Engine/Plugins/2D/Paper2D/Content/DummySprite.uasset" 399
"C:/Users/Billy/AppData/Local/UnrealEngine/4.6/Saved/Config/Windows/SourceControlSettings.ini" 400
"../../../../../../Users/Billy/Documents/UE4 experiments/Snowball/Saved/Config/CleanSourceConfigs/SourceControlSettings.ini" 401
"C:/Users/Billy/Documents/UE4 experiments/Snowball/Saved/Config/Windows/SourceControlSettings.ini" 402
"../../../Engine/Content/EngineMaterials/RemoveSurfaceMaterial.uasset" 403
"../../../Engine/Content/EngineDebugMaterials/DebugMeshMaterial.uasset" 404
"../../../Engine/Content/EngineMaterials/M_InvalidLightmapSettings.uasset" 405
"../../../Engine/Content/EngineMaterials/InvalidLightmapSettings.uasset" 406
"../../../Engine/Content/EditorMaterials/GizmoMaterial.uasset" 407
"../../../Engine/Content/EngineMaterials/Good64x64TilingNoiseHighFreq.uasset" 408
"../../../Engine/Content/EngineMaterials/DefaultBokeh.uasset" 409
"../../../Engine/Content/EngineMaterials/PreintegratedSkinBRDF.uasset" 410
"../../../Engine/Content/EngineMaterials/MiniFont.uasset" 411
"../../../Engine/Content/EngineMaterials/WeightMapPlaceholderTexture.uasset" 412
"../../../Engine/Content/EngineMaterials/DefaultWhiteGrid.uasset" 413
"../../../Engine/Content/EngineMaterials/DefaultPhysicalMaterial.uasset" 414
"../../../Engine/Content/EngineFonts/RobotoTiny.uasset" 415
"../../../../../../Users/Billy/Documents/UE4 experiments/Snowball/Intermediate/CachedAssetRegistry.bin" 416
"../../../../../../Users/Billy/Documents/UE4 experiments/Snowball/Content/Blueprints/BP_Snowball.uasset" 417
"../../../../../../Users/Billy/Documents/UE4 experiments/Snowball/Content/Blueprints/MyCharacter.uasset" 418
"../../../../../../Users/Billy/Documents/UE4 experiments/Snowball/Content/Maps/TestSnowball.umap" 419
"../../../../../../Users/Billy/Documents/UE4 experiments/Snowball/Content/Materials/M_Snowball.uasset" 420
"../../../../../../Users/Billy/Documents/UE4 experiments/Snowball/Content/Meshes/SnowballMesh.uasset" 421
"../../../../../../Users/Billy/Documents/UE4 experiments/Snowball/Content/StarterContent/Textures/T_Perlin2.uasset" 422
"../../../../../../Users/Billy/Documents/UE4 experiments/Snowball/Content/Textures/T_RockSnowMix.uasset" 423
"../../../Engine/Content/MobileResources/HUD/VirtualJoystick_Thumb.uasset" 424
"../../../Engine/Content/MobileResources/HUD/VirtualJoystick_Background.uasset" 425
"../../../Engine/Content/MobileResources/HUD/T_Castle_ThumbstickOutter.uasset" 426
"../../../Engine/Content/MobileResources/HUD/T_Castle_ThumbstickInner.uasset" 427
"../../../Engine/Content/MobileResources/HUD/MobileHUDDirectionStick.uasset" 428
"../../../Engine/Content/MobileResources/HUD/MobileHUDDirectionPad3.uasset" 429
"../../../Engine/Content/MobileResources/HUD/MobileHUDDirectionPad2.uasset" 430
"../../../Engine/Content/MobileResources/HUD/MobileHUDDirectionPad.uasset" 431
"../../../Engine/Content/MobileResources/HUD/MobileHUDButtonFire.uasset" 432
"../../../Engine/Content/MobileResources/HUD/MobileHUDButton3.uasset" 433
"../../../Engine/Content/MobileResources/HUD/MobileHUDButton2_on.uasset" 434
"../../../Engine/Content/MobileResources/HUD/MobileHUDButton2_off.uasset" 435
"../../../Engine/Content/MobileResources/HUD/MobileHUDButton1_on.uasset" 436
"../../../Engine/Content/MobileResources/HUD/MobileHUDButton1_off.uasset" 437
"../../../Engine/Content/MobileResources/HUD/LeftVirtualJoystickOnly.uasset" 438
"../../../Engine/Content/MobileResources/HUD/DefaultVirtualJoysticks.uasset" 439
"../../../Engine/Content/MobileResources/HUD/AnalogHat.uasset" 440
"../../../Engine/Content/MobileResources/T_MobileMenu2.uasset" 441
"../../../Engine/Content/MobileResources/T_MobileControls_texture.uasset" 442
"../../../../../../Users/Billy/Documents/UE4 experiments/Snowball/Content/Blueprints/MyGame.uasset" 443
"../../../../../../Users/Billy/Documents/UE4 experiments/Snowball/Content/Blueprints/SnowballGame.uasset" 444
"../../../Engine/Content/EditorBlueprintResources/StandardMacros.uasset" 445
"../../../../../../Users/Billy/Documents/UE4 experiments/Snowball/Content/Blueprints/BP_SnowballSpawnNode.uasset" 446
"../../../Engine/Content/Functions/Engine_MaterialFunctions02/Utility/MakeFloat3.uasset" 447
"../../../../../../Users/Billy/Documents/UE4 experiments/Snowball/Content/StarterContent/Textures/T_Ground_Moss_N.uasset" 448
"../../../../../../Users/Billy/Documents/UE4 experiments/Snowball/Content/StarterContent/Textures/T_Rock_Basalt_D.uasset" 449
"../../../../../../Users/Billy/Documents/UE4 experiments/Snowball/Content/StarterContent/Textures/T_Rock_Basalt_N.uasset" 450
"../../../../../../Users/Billy/Documents/UE4 experiments/Snowball/Content/StarterContent/Textures/T_Rock_Sandstone_D.uasset" 451
"../../../../../../Users/Billy/Documents/UE4 experiments/Snowball/Content/Particles/P_Snow.uasset" 452
"../../../../../../Users/Billy/Documents/UE4 experiments/Snowball/Content/Particles/Materials/M_SnowDrifts.uasset" 453
"../../../../../../Users/Billy/Documents/UE4 experiments/Snowball/Content/Textures/Smoke.uasset" 454
"../../../../../../Users/Billy/Documents/UE4 experiments/Snowball/Content/StarterContent/Particles/Materials/M_Radial_Gradient.uasset" 455
"../../../Engine/Content/Functions/Engine_MaterialFunctions01/Gradient/RadialGradient.uasset" 456
"../../../../../../Users/Billy/Documents/UE4 experiments/Snowball/Content/Blueprints/MyHUD.uasset" 457
"../../../../../../Users/Billy/Documents/UE4 experiments/Snowball/Content/Textures/crosshair.uasset" 458
"C:/Users/Billy/AppData/Local/UnrealEngine/Common/DerivedDataCache/5/9/9/TEXTURE_75F87CE100B546AAB8A1C4132AF9DB17_G8_0A0241DA4286C10A694E268F489815B4_0__3BA95964A8841B4A9A8FBB7448CC152FBDE78C43.udd" 459
"C:/Users/Billy/AppData/Local/UnrealEngine/Common/DerivedDataCache/3/3/1/TEXTURE_75F87CE100B546AAB8A1C4132AF9DB17_BGRA8_59D3571646880CDD1C68BAA08799EF8__A512FD2B920A0FB5795F981389B30C7C223C75BA.udd" 460
"C:/Users/Billy/AppData/Local/UnrealEngine/Common/DerivedDataCache/7/9/8/TEXTURE_75F87CE100B546AAB8A1C4132AF9DB17_G8_0A0241DA4286C10A694E268F489815B4_0__7FBAA5FBE7D5EFAFF4C2FDD6E2936949175B9D8A.udd" 461
"C:/Users/Billy/AppData/Local/UnrealEngine/Common/DerivedDataCache/2/3/5/TEXTURE_75F87CE100B546AAB8A1C4132AF9DB17_BGRA8_59D3571646880CDD1C68BAA08799EF8__77AF7026F0E5C9456CF293E43A02E8BA88E8A7B0.udd" 462
"C:/Users/Billy/AppData/Local/UnrealEngine/Common/DerivedDataCache/5/3/4/TEXTURE_75F87CE100B546AAB8A1C4132AF9DB17_DXT1_0D93820F44AF17D2ADBC89924E97CC81__1DB5522CF710894951329210A45A2424E5FA6542.udd" 463
"C:/Users/Billy/AppData/Local/UnrealEngine/Common/DerivedDataCache/6/4/6/TEXTURE_75F87CE100B546AAB8A1C4132AF9DB17_DXT1_0D93820F44AF17D2ADBC89924E97CC81__C45E9B301DD6A9CEBA9BA456917DD65694F4F21C.udd" 464
"C:/Users/Billy/AppData/Local/UnrealEngine/Common/DerivedDataCache/5/9/3/TEXTURE_75F87CE100B546AAB8A1C4132AF9DB17_BGRA8_59D3571646880CDD1C68BAA08799EF8__12C838FE03710F35AEED9F87B53F0B36E54C66DD.udd" 465
"C:/Users/Billy/AppData/Local/UnrealEngine/Common/DerivedDataCache/9/6/7/TEXTURE_75F87CE100B546AAB8A1C4132AF9DB17_DXT1_0D93820F44AF17D2ADBC89924E97CC81__27E094D46F1F0A4A46F14C70945B3D6E84CD3976.udd" 466
"C:/Users/Billy/AppData/Local/UnrealEngine/Common/DerivedDataCache/1/9/2/TEXTURE_75F87CE100B546AAB8A1C4132AF9DB17_DXT1_0D93820F44AF17D2ADBC89924E97CC81__05AB8D93C54B28219AF57993C3251C41F200FB69.udd" 467
"C:/Users/Billy/AppData/Local/UnrealEngine/Common/DerivedDataCache/2/9/8/TEXTURE_75F87CE100B546AAB8A1C4132AF9DB17_AUTODXT_711E4A25404E364CCD2EF7821FCAA__AB00C62DBBD25FEE48E4BA7DAFF82B97FEF7EB1A.udd" 468
"C:/Users/Billy/AppData/Local/UnrealEngine/Common/DerivedDataCache/5/1/7/TEXTURE_75F87CE100B546AAB8A1C4132AF9DB17_G8_0A0241DA4286C10A694E268F489815B4_0__290DD68A7CD46B0C05CFCC277BEAB4CAD41A4B24.udd" 469
"C:/Users/Billy/AppData/Local/UnrealEngine/Common/DerivedDataCache/2/9/7/TEXTURE_75F87CE100B546AAB8A1C4132AF9DB17_G8_0A0241DA4286C10A694E268F489815B4_0__116A6C98EA9801C11D9907769E8329A8B9B02C4A.udd" 470
"C:/Users/Billy/AppData/Local/UnrealEngine/Common/DerivedDataCache/0/7/2/TEXTURE_75F87CE100B546AAB8A1C4132AF9DB17_G8_0A0241DA4286C10A694E268F489815B4_0__ABF444CF1E415D7EC6B3991D84065BABB644FD55.udd" 471
"C:/Users/Billy/AppData/Local/UnrealEngine/Common/DerivedDataCache/1/6/3/TEXTURE_75F87CE100B546AAB8A1C4132AF9DB17_G8_0A0241DA4286C10A694E268F489815B4_0__0FAAD90462E7E7A4706609122187B932883D35BE.udd" 472
"C:/Users/Billy/AppData/Local/UnrealEngine/Common/DerivedDataCache/6/7/4/STATICMESH_46A8778361B442A9523C54440EA1E9D_0DB5412B27AB480F844CC7F0BE5ABAFF_58__249A7ED97DA28B5A44EB32AA13B9EAB38122A288.udd" 473
"C:/Users/Billy/AppData/Local/UnrealEngine/Common/DerivedDataCache/2/5/5/PHYSX_$7B1F0627AE$2DABEB$2D4206$2D8D78$2DE16BEB5DDC7E$7D_PHYSXPC_3299E26E46A3A__532CDAA50C2FE971A65D25BA4BE726609F5B305F.udd" 474
"C:/Users/Billy/AppData/Local/UnrealEngine/Common/DerivedDataCache/7/1/5/MATSM_E2C1E89EE9AE4F3CA7B8E0F2C49B34EB_PCD3D_SM5_2__BC5N_DEV_SL_NODBUF84B5133B__0B3C273AB2B66E4082AC5A2CF43CC9594FB67334.udd" 475
"../../../Engine/Content/Maps/Entry.umap" 476
"../../../Engine/Content/EngineMaterials/DefaultNormal.uasset" 477
"C:/Users/Billy/Documents/UE4 experiments/Snowball/Intermediate/Shaders/WorkingDirectory/8636/0/WorkerOutputOnly.out" 478
"C:/Users/Billy/Documents/UE4 experiments/Snowball/Intermediate/Shaders/WorkingDirectory/8636/1/WorkerOutputOnly.out" 479
"C:/Users/Billy/Documents/UE4 experiments/Snowball/Intermediate/Shaders/WorkingDirectory/8636/2/WorkerOutputOnly.out" 480
"../../../../../../Users/Billy/Documents/UE4 experiments/Snowball/Saved/Autosaves/Game/Maps/UEDPCTestSnowball.umap" 481
"../../../Engine/Content/EngineSky/BP_Sky_Sphere.uasset" 482
"../../../Engine/Content/EngineSky/C_Sky_Cloud_Color.uasset" 483
"../../../Engine/Content/EngineSky/C_Sky_Horizon_Color.uasset" 484
"../../../Engine/Content/EngineSky/C_Sky_Zenith_Color.uasset" 485
"../../../Engine/Content/EngineSky/M_Sky_Panning_Clouds2.uasset" 486
"../../../Engine/Content/EngineSky/T_Sky_Blue.uasset" 487
"../../../Engine/Content/EngineSky/T_Sky_Clouds_M.uasset" 488
"../../../Engine/Content/EngineSky/T_Sky_Stars.uasset" 489
"../../../Engine/Content/EngineSky/SM_SkySphere.uasset" 490
"../../../../../../Users/Billy/Documents/UE4 experiments/Snowball/Content/Blueprints/BP_KillBallVolume.uasset" 491
"../../../../../../Users/Billy/Documents/UE4 experiments/Snowball/Content/Maps/TestSnowball_sharedassets/Rock_LayerInfo.uasset" 492
"../../../../../../Users/Billy/Documents/UE4 experiments/Snowball/Content/Maps/TestSnowball_sharedassets/Snow_LayerInfo.uasset" 493
"../../../../../../Users/Billy/Documents/UE4 experiments/Snowball/Content/Materials/M_SnowMountain.uasset" 494
"C:/Users/Billy/AppData/Local/UnrealEngine/Common/DerivedDataCache/0/0/5/TEXTURE_75F87CE100B546AAB8A1C4132AF9DB17_BGRA8_BB407F1B428801757EA9F3A16D1A507__90EA995A2BA26E8031066CC5BAF412246825E862.udd" 495
"C:/Users/Billy/AppData/Local/UnrealEngine/Common/DerivedDataCache/5/0/7/TEXTURE_75F87CE100B546AAB8A1C4132AF9DB17_BGRA8_BB407F1B428801757EA9F3A16D1A507__F11A0A130851ADDF09C994E6A85ED038B7EB7045.udd" 496
"C:/Users/Billy/AppData/Local/UnrealEngine/Common/DerivedDataCache/0/7/2/TEXTURE_75F87CE100B546AAB8A1C4132AF9DB17_BGRA8_F2A1F58B4B5E8F2F1DDD5D9B1FA01C3__7C1EEB40E77596D2A625938A8D467E3738C2B487.udd" 497
"C:/Users/Billy/AppData/Local/UnrealEngine/Common/DerivedDataCache/7/8/0/TEXTURE_75F87CE100B546AAB8A1C4132AF9DB17_BGRA8_F2A1F58B4B5E8F2F1DDD5D9B1FA01C3__0E398DF68A737769D7A62BB5A8EC53879B4EAF65.udd" 498
"C:/Users/Billy/AppData/Local/UnrealEngine/Common/DerivedDataCache/8/5/5/TEXTURE_75F87CE100B546AAB8A1C4132AF9DB17_BGRA8_94D8578A46270994388BEA997CB336E__6EFEA8D98EE7C0C72225E76DDD49BD267F287858.udd" 499
"C:/Users/Billy/AppData/Local/UnrealEngine/Common/DerivedDataCache/3/6/1/TEXTURE_75F87CE100B546AAB8A1C4132AF9DB17_BGRA8_6E2C4D3048CD9C4546F7DEA913C3A11__CC731673CEC4AC189119E20025C700A3855D2F15.udd" 500
"C:/Users/Billy/AppData/Local/UnrealEngine/Common/DerivedDataCache/4/0/3/TEXTURE_75F87CE100B546AAB8A1C4132AF9DB17_BGRA8_94D8578A46270994388BEA997CB336E__4BDA0B71C62D01A5FFF7FC7DBC182E8355126F22.udd" 501
"C:/Users/Billy/AppData/Local/UnrealEngine/Common/DerivedDataCache/1/0/4/TEXTURE_75F87CE100B546AAB8A1C4132AF9DB17_BGRA8_6E2C4D3048CD9C4546F7DEA913C3A11__BB22B38541C70C8E5923F1E90927C222B14EF65A.udd" 502
"C:/Users/Billy/AppData/Local/UnrealEngine/Common/DerivedDataCache/5/9/3/TEXTURE_75F87CE100B546AAB8A1C4132AF9DB17_BGRA8_D527B2BE436C469C2D4A9D95526A63C__14842253733653A77AE95BAB6BD3EAA64AE98BBE.udd" 503
"C:/Users/Billy/AppData/Local/UnrealEngine/Common/DerivedDataCache/1/8/5/TEXTURE_75F87CE100B546AAB8A1C4132AF9DB17_BGRA8_55FAD1824EF1A5C5D8504DB402856EA__AFE38AB02BA247FADC860B79C7A4993FDB4F8E8A.udd" 504
"C:/Users/Billy/AppData/Local/UnrealEngine/Common/DerivedDataCache/0/8/9/TEXTURE_75F87CE100B546AAB8A1C4132AF9DB17_BGRA8_D527B2BE436C469C2D4A9D95526A63C__2CF943A01544600F8D9B9A77BAF7910F4F109399.udd" 505
"C:/Users/Billy/AppData/Local/UnrealEngine/Common/DerivedDataCache/1/3/1/TEXTURE_75F87CE100B546AAB8A1C4132AF9DB17_BGRA8_55FAD1824EF1A5C5D8504DB402856EA__F25AC9970E7AB0E623E9450575E0805CCB88547F.udd" 506
"C:/Users/Billy/AppData/Local/UnrealEngine/Common/DerivedDataCache/3/3/6/TEXTURE_75F87CE100B546AAB8A1C4132AF9DB17_BGRA8_19FDFB85459C5BE1741DE4B626F673D__06D03BA675548AA42E90C563633E692046B4E87D.udd" 507
"C:/Users/Billy/AppData/Local/UnrealEngine/Common/DerivedDataCache/1/0/3/TEXTURE_75F87CE100B546AAB8A1C4132AF9DB17_BGRA8_715A31564897CD5313BBAB8ABED7E59__58819F9EF0A4996C3434FA56FC6D6BDF2CD1CE53.udd" 508
"C:/Users/Billy/AppData/Local/UnrealEngine/Common/DerivedDataCache/7/9/6/TEXTURE_75F87CE100B546AAB8A1C4132AF9DB17_BGRA8_19FDFB85459C5BE1741DE4B626F673D__DB1CE7608E2DE3935A9E90F7EB8F81394E3F9AE2.udd" 509
"C:/Users/Billy/AppData/Local/UnrealEngine/Common/DerivedDataCache/1/9/0/TEXTURE_75F87CE100B546AAB8A1C4132AF9DB17_BGRA8_715A31564897CD5313BBAB8ABED7E59__51DDC542D44301738768E01699F91B7CBC8D5C20.udd" 510
"C:/Users/Billy/AppData/Local/UnrealEngine/Common/DerivedDataCache/8/4/8/TEXTURE_75F87CE100B546AAB8A1C4132AF9DB17_BGRA8_C9B9AAA7479CB3CF59E42CB99F1A6E3__2494E1CFCBD1D86EC02ADA261C45AD557F88A4D6.udd" 511
"C:/Users/Billy/AppData/Local/UnrealEngine/Common/DerivedDataCache/5/8/5/TEXTURE_75F87CE100B546AAB8A1C4132AF9DB17_BGRA8_C2B0071C49C1720F0BAB4B852493142__6EAD8D6C2B19F16F43145B14F4A5B28EA9655500.udd" 512
"C:/Users/Billy/AppData/Local/UnrealEngine/Common/DerivedDataCache/3/2/7/TEXTURE_75F87CE100B546AAB8A1C4132AF9DB17_BGRA8_C9B9AAA7479CB3CF59E42CB99F1A6E3__F3490B8F9F008A6E272B9328B6337804F2396B08.udd" 513
"C:/Users/Billy/AppData/Local/UnrealEngine/Common/DerivedDataCache/0/0/1/TEXTURE_75F87CE100B546AAB8A1C4132AF9DB17_BGRA8_C2B0071C49C1720F0BAB4B852493142__B02A6BEAB19E3982CF2E3D95A8B62B72EF950A20.udd" 514
"C:/Users/Billy/AppData/Local/UnrealEngine/Common/DerivedDataCache/2/3/3/TEXTURE_75F87CE100B546AAB8A1C4132AF9DB17_BGRA8_558528EE4F885A117CC10A867C9FDD6__4FCACF6C739B31DEA01DD70683BAE3239CD474B7.udd" 515
"C:/Users/Billy/AppData/Local/UnrealEngine/Common/DerivedDataCache/3/0/6/TEXTURE_75F87CE100B546AAB8A1C4132AF9DB17_BGRA8_BA5B5FA249C425896F3646918F7C705__8177BCCE876261667EFFAC2EF4F53457DA48D4DB.udd" 516
"C:/Users/Billy/AppData/Local/UnrealEngine/Common/DerivedDataCache/8/4/0/TEXTURE_75F87CE100B546AAB8A1C4132AF9DB17_BGRA8_558528EE4F885A117CC10A867C9FDD6__5C9E76A9E59FDB336FB7BD54D3993A0D78D1FB9E.udd" 517
"C:/Users/Billy/AppData/Local/UnrealEngine/Common/DerivedDataCache/6/7/5/TEXTURE_75F87CE100B546AAB8A1C4132AF9DB17_BGRA8_BA5B5FA249C425896F3646918F7C705__2AE0F8FD1CCCF12625DEB95358A37231E4943BAC.udd" 518
"C:/Users/Billy/AppData/Local/UnrealEngine/Common/DerivedDataCache/7/7/2/TEXTURE_75F87CE100B546AAB8A1C4132AF9DB17_BGRA8_886ADA8947DD403CA38A6196338C198__4B777D06C5E3D36D566E3824624E0613E27A0FB8.udd" 519
"C:/Users/Billy/AppData/Local/UnrealEngine/Common/DerivedDataCache/2/4/9/TEXTURE_75F87CE100B546AAB8A1C4132AF9DB17_BGRA8_54611EEF498795B86503C3B841643A9__174BA164D07C6573DF99A4F382AE566A11048EC8.udd" 520
"C:/Users/Billy/AppData/Local/UnrealEngine/Common/DerivedDataCache/8/6/5/TEXTURE_75F87CE100B546AAB8A1C4132AF9DB17_BGRA8_54611EEF498795B86503C3B841643A9__5BCE2F6D0ACD2BECA5F8CA91C68FECADE076FB99.udd" 521
"C:/Users/Billy/AppData/Local/UnrealEngine/Common/DerivedDataCache/5/0/1/TEXTURE_75F87CE100B546AAB8A1C4132AF9DB17_BGRA8_886ADA8947DD403CA38A6196338C198__47E4C0C2CC1C2840C67A8B5D9C02F69AA0950E37.udd" 522
"C:/Users/Billy/AppData/Local/UnrealEngine/Common/DerivedDataCache/8/1/7/TEXTURE_75F87CE100B546AAB8A1C4132AF9DB17_BGRA8_7495025B4AACB2E5DB829398BED2DB9__A11280CB37621F21BBBD295D2A9506095DAEFBB7.udd" 523
"C:/Users/Billy/AppData/Local/UnrealEngine/Common/DerivedDataCache/5/5/9/TEXTURE_75F87CE100B546AAB8A1C4132AF9DB17_BGRA8_4068E97E43CBC7E445388BB3938F5A3__FCC0779B7CF40013DDB206147D41A46ABE4372C9.udd" 524
"C:/Users/Billy/AppData/Local/UnrealEngine/Common/DerivedDataCache/9/1/6/TEXTURE_75F87CE100B546AAB8A1C4132AF9DB17_BGRA8_7495025B4AACB2E5DB829398BED2DB9__77DD22894F5B060781A411422B165C0DE111F230.udd" 525
"C:/Users/Billy/AppData/Local/UnrealEngine/Common/DerivedDataCache/2/0/5/TEXTURE_75F87CE100B546AAB8A1C4132AF9DB17_BGRA8_D01065BE46ABC788FEAF08B01E688EB__E52841D2DC3AC47706F468A27B26B456D8D7F13B.udd" 526
"C:/Users/Billy/AppData/Local/UnrealEngine/Common/DerivedDataCache/3/0/0/TEXTURE_75F87CE100B546AAB8A1C4132AF9DB17_BGRA8_4068E97E43CBC7E445388BB3938F5A3__CDD3D050345EDC39E92F52937964E7CD59F7AEB2.udd" 527
"C:/Users/Billy/AppData/Local/UnrealEngine/Common/DerivedDataCache/7/8/9/TEXTURE_75F87CE100B546AAB8A1C4132AF9DB17_BGRA8_D01065BE46ABC788FEAF08B01E688EB__931021BE19CB6BC694C31EBB35E7080742FC6262.udd" 528
"C:/Users/Billy/AppData/Local/UnrealEngine/Common/DerivedDataCache/7/0/0/TEXTURE_75F87CE100B546AAB8A1C4132AF9DB17_BGRA8_9474F2BE445568576276B699FF5A643__36EFE2B7006EEFFB34EFA5BD344388ED12E9ACDA.udd" 529
"C:/Users/Billy/AppData/Local/UnrealEngine/Common/DerivedDataCache/2/4/1/TEXTURE_75F87CE100B546AAB8A1C4132AF9DB17_BGRA8_5F3E0B874E5925F16761EC9CE7D03F4__A9BD3A1577E6B74607325E473842C04AB257DFCB.udd" 530
"C:/Users/Billy/AppData/Local/UnrealEngine/Common/DerivedDataCache/7/2/9/TEXTURE_75F87CE100B546AAB8A1C4132AF9DB17_BGRA8_3CE1ECEA480F75703521D987C060803__DFB7496D59B94F258B3BFC40EF66FC67E0C92257.udd" 531
"C:/Users/Billy/AppData/Local/UnrealEngine/Common/DerivedDataCache/6/8/1/TEXTURE_75F87CE100B546AAB8A1C4132AF9DB17_BGRA8_5F3E0B874E5925F16761EC9CE7D03F4__3075B648F9DEA7FC298813B6213EE02B12A6DAAC.udd" 532
"C:/Users/Billy/AppData/Local/UnrealEngine/Common/DerivedDataCache/1/9/7/TEXTURE_75F87CE100B546AAB8A1C4132AF9DB17_BGRA8_9474F2BE445568576276B699FF5A643__B3A784CC0938D3E6D27A2012F0BC79DAF8256C16.udd" 533
"C:/Users/Billy/AppData/Local/UnrealEngine/Common/DerivedDataCache/4/3/5/TEXTURE_75F87CE100B546AAB8A1C4132AF9DB17_BGRA8_3CE1ECEA480F75703521D987C060803__3D5C77A456B1BE32E3B749CD6CC14C958C718209.udd" 534
"C:/Users/Billy/AppData/Local/UnrealEngine/Common/DerivedDataCache/6/5/2/TEXTURE_75F87CE100B546AAB8A1C4132AF9DB17_BGRA8_4D605F3C41D60578DC87C884EAFBFD8__11E254EA9A321B122ADE1A24260798E805C03F9F.udd" 535
"C:/Users/Billy/AppData/Local/UnrealEngine/Common/DerivedDataCache/9/4/7/TEXTURE_75F87CE100B546AAB8A1C4132AF9DB17_BGRA8_FD7F50874FB18027728D01889F4C133__EB32576E12C650E1F21F3EA21FB1535A9B2ACB86.udd" 536
"C:/Users/Billy/AppData/Local/UnrealEngine/Common/DerivedDataCache/1/6/5/TEXTURE_75F87CE100B546AAB8A1C4132AF9DB17_BGRA8_8C6A412949FDEDA7775E4CAF6A723A2__154F3E21DA9347D035D6EBB1AF056F3CA860115E.udd" 537
"C:/Users/Billy/AppData/Local/UnrealEngine/Common/DerivedDataCache/7/8/2/TEXTURE_75F87CE100B546AAB8A1C4132AF9DB17_BGRA8_4D605F3C41D60578DC87C884EAFBFD8__055FB448A2EA3DAF1C70CEDA7925305CB53E5F67.udd" 538
"C:/Users/Billy/AppData/Local/UnrealEngine/Common/DerivedDataCache/8/1/0/TEXTURE_75F87CE100B546AAB8A1C4132AF9DB17_BGRA8_FD7F50874FB18027728D01889F4C133__57233B2FB08D24D837603B17BB722A5450C82FE8.udd" 539
"C:/Users/Billy/AppData/Local/UnrealEngine/Common/DerivedDataCache/3/3/4/TEXTURE_75F87CE100B546AAB8A1C4132AF9DB17_BGRA8_8C6A412949FDEDA7775E4CAF6A723A2__C9B84F346818D0E7E299EA98BF3CA2015C00B770.udd" 540
"C:/Users/Billy/AppData/Local/UnrealEngine/Common/DerivedDataCache/8/1/9/TEXTURE_75F87CE100B546AAB8A1C4132AF9DB17_BGRA8_696A085548737BB7F1A80781CDADF86__7C7DCB535DC7E8D35EB7960E9600063FA5EB8728.udd" 541
"C:/Users/Billy/AppData/Local/UnrealEngine/Common/DerivedDataCache/3/1/7/TEXTURE_75F87CE100B546AAB8A1C4132AF9DB17_BGRA8_DE4728CC4828C9BFF7404687961BB12__0DFAC31E3AA273CD37154F921E2317587D495CA6.udd" 542
"C:/Users/Billy/AppData/Local/UnrealEngine/Common/DerivedDataCache/6/6/2/TEXTURE_75F87CE100B546AAB8A1C4132AF9DB17_BGRA8_696A085548737BB7F1A80781CDADF86__6CEE1FF09141132047F729F3072BA9394DE32AAA.udd" 543
"C:/Users/Billy/AppData/Local/UnrealEngine/Common/DerivedDataCache/7/8/8/TEXTURE_75F87CE100B546AAB8A1C4132AF9DB17_BGRA8_DE4728CC4828C9BFF7404687961BB12__BDDB851AEA27086A15BA7C0BE1B8D60E19E05C45.udd" 544
"C:/Users/Billy/AppData/Local/UnrealEngine/Common/DerivedDataCache/1/2/0/TEXTURE_75F87CE100B546AAB8A1C4132AF9DB17_BGRA8_AA52623549594F64BA8F63BDBAC2B22__A7D5F3DFEC5C264BC3DBD37432D6AE649485A1D4.udd" 545
"C:/Users/Billy/AppData/Local/UnrealEngine/Common/DerivedDataCache/0/5/1/TEXTURE_75F87CE100B546AAB8A1C4132AF9DB17_BGRA8_85A7732D4733C361346D10BE044EA4B__82DE2A1D0AC280F0D84C320CB57CAFC79F43C722.udd" 546
"C:/Users/Billy/AppData/Local/UnrealEngine/Common/DerivedDataCache/4/8/9/TEXTURE_75F87CE100B546AAB8A1C4132AF9DB17_BGRA8_AA52623549594F64BA8F63BDBAC2B22__B6B471B851763465E2E989793B7885416CBF9DFC.udd" 547
"C:/Users/Billy/AppData/Local/UnrealEngine/Common/DerivedDataCache/0/4/8/TEXTURE_75F87CE100B546AAB8A1C4132AF9DB17_BGRA8_85A7732D4733C361346D10BE044EA4B__22909920681C07DD0BE57B17D985A42D1D765A11.udd" 548
"C:/Users/Billy/AppData/Local/UnrealEngine/Common/DerivedDataCache/0/3/7/TEXTURE_75F87CE100B546AAB8A1C4132AF9DB17_BGRA8_CB000BD547A3B2ED7AF1379497548CE__9DC21E38ACDA6E3564080E834A1E33FAE2D744B4.udd" 549
"C:/Users/Billy/AppData/Local/UnrealEngine/Common/DerivedDataCache/0/4/0/TEXTURE_75F87CE100B546AAB8A1C4132AF9DB17_BGRA8_6484E7304741250CC3025AA650A436B__73F2CF08AF93A5FC8814C12484197A50D59E689A.udd" 550
"C:/Users/Billy/AppData/Local/UnrealEngine/Common/DerivedDataCache/2/0/3/TEXTURE_75F87CE100B546AAB8A1C4132AF9DB17_BGRA8_4D605F3C41D60578DC87C884EAFBFD8__8753311B240A06F2681865010EEA9CB59BF3443F.udd" 551
"C:/Users/Billy/AppData/Local/UnrealEngine/Common/DerivedDataCache/5/4/0/TEXTURE_75F87CE100B546AAB8A1C4132AF9DB17_BGRA8_CB000BD547A3B2ED7AF1379497548CE__177C0E15104F14C63EB58A6D3C91425E3DD2CB3E.udd" 552
"C:/Users/Billy/AppData/Local/UnrealEngine/Common/DerivedDataCache/4/8/1/TEXTURE_75F87CE100B546AAB8A1C4132AF9DB17_BGRA8_6484E7304741250CC3025AA650A436B__DFC3F7C63C21B85B6E1B244FC9EF2B501AC35A3C.udd" 553
"C:/Users/Billy/AppData/Local/UnrealEngine/Common/DerivedDataCache/1/4/8/TEXTURE_75F87CE100B546AAB8A1C4132AF9DB17_BGRA8_4D605F3C41D60578DC87C884EAFBFD8__BA70E95F995D395E0CABFC098DB40356941E584C.udd" 554
"C:/Users/Billy/AppData/Local/UnrealEngine/Common/DerivedDataCache/9/1/1/TEXTURE_75F87CE100B546AAB8A1C4132AF9DB17_BGRA8_411CD3C343D1BE2E7CA08A8ECBE5B8F__409842411EA82A9420E07BDD6AC5A8260E19E122.udd" 555
"C:/Users/Billy/AppData/Local/UnrealEngine/Common/DerivedDataCache/0/1/0/TEXTURE_75F87CE100B546AAB8A1C4132AF9DB17_BGRA8_411CD3C343D1BE2E7CA08A8ECBE5B8F__30AC052715F252353320C7577387FED54758E27B.udd" 556
"C:/Users/Billy/AppData/Local/UnrealEngine/Common/DerivedDataCache/2/8/7/TEXTURE_75F87CE100B546AAB8A1C4132AF9DB17_BGRA8_CB000BD547A3B2ED7AF1379497548CE__AC93D9C03C1A6B374F2A99763D5FC5F8F04D77EF.udd" 557
"C:/Users/Billy/AppData/Local/UnrealEngine/Common/DerivedDataCache/9/4/2/TEXTURE_75F87CE100B546AAB8A1C4132AF9DB17_BGRA8_CB000BD547A3B2ED7AF1379497548CE__B71E49972EC489CEB08B6277836414B225175BB3.udd" 558
"C:/Users/Billy/AppData/Local/UnrealEngine/Common/DerivedDataCache/0/4/5/TEXTURE_75F87CE100B546AAB8A1C4132AF9DB17_BGRA8_6484E7304741250CC3025AA650A436B__0A670C3D28503CC6F983474AF98B21C781B9A9E5.udd" 559
"C:/Users/Billy/AppData/Local/UnrealEngine/Common/DerivedDataCache/7/4/5/TEXTURE_75F87CE100B546AAB8A1C4132AF9DB17_BGRA8_5A6EBA7342842C85B05EBC87C8EDBD4__FF2F7955FAF27FCEA9BDD4707FA622B0E0DC99E8.udd" 560
"C:/Users/Billy/AppData/Local/UnrealEngine/Common/DerivedDataCache/6/8/2/TEXTURE_75F87CE100B546AAB8A1C4132AF9DB17_BGRA8_5A6EBA7342842C85B05EBC87C8EDBD4__6E9015B06243F8FD3FF2D73E76D3D375F0686735.udd" 561
"C:/Users/Billy/AppData/Local/UnrealEngine/Common/DerivedDataCache/2/1/7/TEXTURE_75F87CE100B546AAB8A1C4132AF9DB17_BGRA8_6484E7304741250CC3025AA650A436B__C53949EF53FB704E409BD042C89224FF73553C7A.udd" 562
"C:/Users/Billy/AppData/Local/UnrealEngine/Common/DerivedDataCache/8/7/8/TEXTURE_75F87CE100B546AAB8A1C4132AF9DB17_BGRA8_F47340BD449E5285CCCB80876C225B9__97257FC44611B58B57637CF35A2D9C394E066F3D.udd" 563
"C:/Users/Billy/AppData/Local/UnrealEngine/Common/DerivedDataCache/9/7/3/TEXTURE_75F87CE100B546AAB8A1C4132AF9DB17_BGRA8_F47340BD449E5285CCCB80876C225B9__5637591EB8C0BB1E56D6F54F0B189DF6016A50BA.udd" 564
"C:/Users/Billy/AppData/Local/UnrealEngine/Common/DerivedDataCache/5/1/2/TEXTURE_75F87CE100B546AAB8A1C4132AF9DB17_BGRA8_3CDD00D8486049DE3C41FBA4537A270__617AC3DF32EF78F0B5AD2677D64A28CFFE6676F9.udd" 565
"C:/Users/Billy/AppData/Local/UnrealEngine/Common/DerivedDataCache/4/0/8/TEXTURE_75F87CE100B546AAB8A1C4132AF9DB17_BGRA8_411CD3C343D1BE2E7CA08A8ECBE5B8F__B3FF695BB0C7D6A93EED4824A06883CB31E0570A.udd" 566
"C:/Users/Billy/AppData/Local/UnrealEngine/Common/DerivedDataCache/7/1/2/TEXTURE_75F87CE100B546AAB8A1C4132AF9DB17_BGRA8_411CD3C343D1BE2E7CA08A8ECBE5B8F__66317CE22066EC447B7931ADFB04AC7DBD80899C.udd" 567
"C:/Users/Billy/AppData/Local/UnrealEngine/Common/DerivedDataCache/9/9/4/TEXTURE_75F87CE100B546AAB8A1C4132AF9DB17_BGRA8_3CDD00D8486049DE3C41FBA4537A270__037C9BC2CE4AC08A47CA88BFC2C4C87C01AC6A51.udd" 568
"C:/Users/Billy/AppData/Local/UnrealEngine/Common/DerivedDataCache/7/3/5/MATSM_E2C1E89EE9AE4F3CA7B8E0F2C49B34EB_PCD3D_SM5_2__BC5N_DEV_SL_NODBUF194E4FC9__D73C5A46324682A7899A5F141F069952EC50BDE2.udd" 569
"C:/Users/Billy/AppData/Local/UnrealEngine/Common/DerivedDataCache/3/1/0/MATSM_E2C1E89EE9AE4F3CA7B8E0F2C49B34EB_PCD3D_SM4_2__BC5N_DEV_SL_NODBUF194E4FC9__332EF64A505305BD81B7BCBB14ED7BDE6227B045.udd" 570
"C:/Users/Billy/AppData/Local/UnrealEngine/Common/DerivedDataCache/7/7/0/MATSM_E2C1E89EE9AE4F3CA7B8E0F2C49B34EB_PCD3D_SM4_2__BC5N_DEV_SL_NODBUF84B5133B__181E26591B4386E0642EC0847BFD4E91FA88A80E.udd" 571
"C:/Users/Billy/AppData/Local/UnrealEngine/Common/DerivedDataCache/0/3/8/MATSM_E2C1E89EE9AE4F3CA7B8E0F2C49B34EB_PCD3D_SM5_2__BC5N_DEV_SL_NODBUFBA413789__A71FA97B792694CDF92ACCFF7542BAC0BD40C855.udd" 572
"C:/Users/Billy/AppData/Local/UnrealEngine/Common/DerivedDataCache/5/7/8/PHYSX_$7B1F0627AE$2DABEB$2D4206$2D8D78$2DE16BEB5DDC7E$7D_PHYSXPC_84CD4AFD4E1C4C4D06F0DB9B13ACB2DA__1_0_13073_0.udd" 573
"C:/Users/Billy/AppData/Local/UnrealEngine/Common/DerivedDataCache/2/8/8/MATSM_E2C1E89EE9AE4F3CA7B8E0F2C49B34EB_PCD3D_SM5_2__BC5N_DEV_SL_NODBUFBA413789__E841B39A1931C2E22F81CD3A05421B678AD91A3D.udd" 574
"C:/Users/Billy/AppData/Local/UnrealEngine/Common/DerivedDataCache/5/7/2/MATSM_E2C1E89EE9AE4F3CA7B8E0F2C49B34EB_PCD3D_SM5_2__BC5N_DEV_SL_NODBUFBA413789__D8A84535406188EAFB16266B2F7D85D586038D41.udd" 575
"C:/Users/Billy/AppData/Local/UnrealEngine/Common/DerivedDataCache/0/9/2/MATSM_E2C1E89EE9AE4F3CA7B8E0F2C49B34EB_PCD3D_SM5_2__BC5N_DEV_SL_NODBUFBA413789__C9FB6B8EB47E663095BB15B5EDC06FB2FCCE256C.udd" 576
"../../../Engine/Content/EditorResources/LightIcons/S_LightError.uasset" 577
